<?xml version="1.0" encoding="UTF-8"?>
<!-- Generated by org.testng.reporters.JUnitReportReporter -->
<testsuite skipped="0" hostname="lslcwksg6161309" name="getData.POST_RestAssuredTest" tests="1" failures="0" timestamp="12 Sep 2019 15:17:11 GMT" time="3.685" errors="0">
  <testcase name="test" time="3.685" classname="getData.POST_RestAssuredTest"/>
</testsuite> <!-- getData.POST_RestAssuredTest -->
