<?xml version="1.0" encoding="UTF-8"?>
<!-- Generated by org.testng.reporters.JUnitReportReporter -->
<testsuite skipped="0" hostname="lslcwksg6161309" name="auth.AuthDemo" tests="1" failures="0" timestamp="16 Sep 2019 15:57:21 GMT" time="4.081" errors="0">
  <testcase name="test" time="4.081" classname="auth.AuthDemo"/>
</testsuite> <!-- auth.AuthDemo -->
