<?xml version="1.0" encoding="UTF-8"?>
<!-- Generated by org.testng.reporters.JUnitReportReporter -->
<testsuite skipped="0" hostname="lslcwksg6161309" name="getData.DELETE_RestAssuredTest" tests="1" failures="0" timestamp="12 Sep 2019 15:37:01 GMT" time="4.538" errors="0">
  <testcase name="test" time="4.538" classname="getData.DELETE_RestAssuredTest"/>
</testsuite> <!-- getData.DELETE_RestAssuredTest -->
