<?xml version="1.0" encoding="UTF-8"?>
<!-- Generated by org.testng.reporters.JUnitReportReporter -->
<testsuite skipped="0" hostname="lslcwksg6161309" name="getData.Preemitive_Authentication" tests="1" failures="0" timestamp="12 Sep 2019 16:53:57 GMT" time="2.527" errors="0">
  <testcase name="test" time="2.527" classname="getData.Preemitive_Authentication"/>
</testsuite> <!-- getData.Preemitive_Authentication -->
