<?xml version="1.0" encoding="UTF-8"?>
<!-- Generated by org.testng.reporters.JUnitReportReporter -->
<testsuite skipped="0" hostname="lslcwksg6161309" name="getData.GetData" tests="1" failures="0" timestamp="11 Sep 2019 20:15:29 GMT" time="4.931" errors="0">
  <testcase name="getResponseCode" time="4.931" classname="getData.GetData"/>
</testsuite> <!-- getData.GetData -->
