<?xml version="1.0" encoding="UTF-8"?>
<!-- Generated by org.testng.reporters.JUnitReportReporter -->
<testsuite skipped="0" hostname="lslcwksg6161309" name="getData.PUT_RestAssuredTest" tests="1" failures="0" timestamp="12 Sep 2019 16:05:52 GMT" time="3.050" errors="0">
  <testcase name="test" time="3.050" classname="getData.PUT_RestAssuredTest"/>
</testsuite> <!-- getData.PUT_RestAssuredTest -->
